# JRE version: Java(TM) SE Runtime Environment (8.0_111-b14) (build 1.8.0_111-b14)
# Java VM: Java HotSpot(TM) Client VM (25.111-b14 mixed mode, sharing windows-x86 )
Heap:
 def new generation   total 24384K, used 9349K [0x04600000, 0x06070000, 0x09b50000)
  eden space 21696K,  30% used [0x04600000, 0x04c81708, 0x05b30000)
  from space 2688K, 100% used [0x05b30000, 0x05dd0000, 0x05dd0000)
  to   space 2688K,   0% used [0x05dd0000, 0x05dd0000, 0x06070000)
 tenured generation   total 54048K, used 36846K [0x09b50000, 0x0d018000, 0x14600000)
   the space 54048K,  68% used [0x09b50000, 0x0bf4b9e0, 0x0bf4ba00, 0x0d018000)
 Metaspace       used 13015K, capacity 13687K, committed 13696K, reserved 13696K
GC Heap History (10 events):
Event: 15.201 GC heap before
{Heap before GC invocations=23 (full 3):
 def new generation   total 24384K, used 22148K [0x04600000, 0x06070000, 0x09b50000)
  eden space 21696K,  99% used [0x04600000, 0x05b24630, 0x05b30000)
  from space 2688K,  18% used [0x05dd0000, 0x05e4cb38, 0x06070000)
  to   space 2688K,   0% used [0x05b30000, 0x05b30000, 0x05dd0000)
 tenured generation   total 54048K, used 35276K [0x09b50000, 0x0d018000, 0x14600000)
   the space 54048K,  65% used [0x09b50000, 0x0bdc3240, 0x0bdc3400, 0x0d018000)
 Metaspace       used 12126K, capacity 12703K, committed 12800K, reserved 13696K
Event: 15.202 GC heap after
Heap after GC invocations=24 (full 3):
 def new generation   total 24384K, used 508K [0x04600000, 0x06070000, 0x09b50000)
  eden space 21696K,   0% used [0x04600000, 0x04600000, 0x05b30000)
  from space 2688K,  18% used [0x05b30000, 0x05baf130, 0x05dd0000)
  to   space 2688K,   0% used [0x05dd0000, 0x05dd0000, 0x06070000)
 tenured generation   total 54048K, used 35276K [0x09b50000, 0x0d018000, 0x14600000)
   the space 54048K,  65% used [0x09b50000, 0x0bdc3240, 0x0bdc3400, 0x0d018000)
 Metaspace       used 12126K, capacity 12703K, committed 12800K, reserved 13696K
}
Event: 15.205 GC heap before
{Heap before GC invocations=24 (full 3):
 def new generation   total 24384K, used 22034K [0x04600000, 0x06070000, 0x09b50000)
  eden space 21696K,  99% used [0x04600000, 0x05b056d0, 0x05b30000)
  from space 2688K,  18% used [0x05b30000, 0x05baf130, 0x05dd0000)
  to   space 2688K,   0% used [0x05dd0000, 0x05dd0000, 0x06070000)
 tenured generation   total 54048K, used 35276K [0x09b50000, 0x0d018000, 0x14600000)
   the space 54048K,  65% used [0x09b50000, 0x0bdc3240, 0x0bdc3400, 0x0d018000)
 Metaspace       used 12126K, capacity 12703K, committed 12800K, reserved 13696K
Event: 15.207 GC heap after
Heap after GC invocations=25 (full 3):
 def new generation   total 24384K, used 517K [0x04600000, 0x06070000, 0x09b50000)
  eden space 21696K,   0% used [0x04600000, 0x04600000, 0x05b30000)
  from space 2688K,  19% used [0x05dd0000, 0x05e514e8, 0x06070000)
  to   space 2688K,   0% used [0x05b30000, 0x05b30000, 0x05dd0000)
 tenured generation   total 54048K, used 35276K [0x09b50000, 0x0d018000, 0x14600000)
   the space 54048K,  65% used [0x09b50000, 0x0bdc3240, 0x0bdc3400, 0x0d018000)
 Metaspace       used 12126K, capacity 12703K, committed 12800K, reserved 13696K
}
Event: 15.210 GC heap before
{Heap before GC invocations=25 (full 3):
 def new generation   total 24384K, used 22069K [0x04600000, 0x06070000, 0x09b50000)
  eden space 21696K,  99% used [0x04600000, 0x05b0bfb8, 0x05b30000)
  from space 2688K,  19% used [0x05dd0000, 0x05e514e8, 0x06070000)
  to   space 2688K,   0% used [0x05b30000, 0x05b30000, 0x05dd0000)
 tenured generation   total 54048K, used 35276K [0x09b50000, 0x0d018000, 0x14600000)
   the space 54048K,  65% used [0x09b50000, 0x0bdc3240, 0x0bdc3400, 0x0d018000)
 Metaspace       used 12126K, capacity 12703K, committed 12800K, reserved 13696K
Event: 15.212 GC heap after
Heap after GC invocations=26 (full 3):
 def new generation   total 24384K, used 525K [0x04600000, 0x06070000, 0x09b50000)
  eden space 21696K,   0% used [0x04600000, 0x04600000, 0x05b30000)
  from space 2688K,  19% used [0x05b30000, 0x05bb36f0, 0x05dd0000)
  to   space 2688K,   0% used [0x05dd0000, 0x05dd0000, 0x06070000)
 tenured generation   total 54048K, used 35276K [0x09b50000, 0x0d018000, 0x14600000)
   the space 54048K,  65% used [0x09b50000, 0x0bdc3240, 0x0bdc3400, 0x0d018000)
 Metaspace       used 12126K, capacity 12703K, committed 12800K, reserved 13696K
}
Event: 15.215 GC heap before
{Heap before GC invocations=26 (full 3):
 def new generation   total 24384K, used 22141K [0x04600000, 0x06070000, 0x09b50000)
  eden space 21696K,  99% used [0x04600000, 0x05b1bf60, 0x05b30000)
  from space 2688K,  19% used [0x05b30000, 0x05bb36f0, 0x05dd0000)
  to   space 2688K,   0% used [0x05dd0000, 0x05dd0000, 0x06070000)
 tenured generation   total 54048K, used 35276K [0x09b50000, 0x0d018000, 0x14600000)
   the space 54048K,  65% used [0x09b50000, 0x0bdc3240, 0x0bdc3400, 0x0d018000)
 Metaspace       used 12126K, capacity 12703K, committed 12800K, reserved 13696K
Event: 15.216 GC heap after
Heap after GC invocations=27 (full 3):
 def new generation   total 24384K, used 533K [0x04600000, 0x06070000, 0x09b50000)
  eden space 21696K,   0% used [0x04600000, 0x04600000, 0x05b30000)
  from space 2688K,  19% used [0x05dd0000, 0x05e55790, 0x06070000)
  to   space 2688K,   0% used [0x05b30000, 0x05b30000, 0x05dd0000)
 tenured generation   total 54048K, used 35276K [0x09b50000, 0x0d018000, 0x14600000)
   the space 54048K,  65% used [0x09b50000, 0x0bdc3240, 0x0bdc3400, 0x0d018000)
 Metaspace       used 12126K, capacity 12703K, committed 12800K, reserved 13696K
}
Event: 15.738 GC heap before
{Heap before GC invocations=27 (full 3):
 def new generation   total 24384K, used 21911K [0x04600000, 0x06070000, 0x09b50000)
  eden space 21696K,  98% used [0x04600000, 0x05ae07b0, 0x05b30000)
  from space 2688K,  19% used [0x05dd0000, 0x05e55790, 0x06070000)
  to   space 2688K,   0% used [0x05b30000, 0x05b30000, 0x05dd0000)
 tenured generation   total 54048K, used 35276K [0x09b50000, 0x0d018000, 0x14600000)
   the space 54048K,  65% used [0x09b50000, 0x0bdc3240, 0x0bdc3400, 0x0d018000)
 Metaspace       used 12796K, capacity 13408K, committed 13440K, reserved 13696K
Event: 15.746 GC heap after
Heap after GC invocations=28 (full 3):
 def new generation   total 24384K, used 2688K [0x04600000, 0x06070000, 0x09b50000)
  eden space 21696K,   0% used [0x04600000, 0x04600000, 0x05b30000)
  from space 2688K, 100% used [0x05b30000, 0x05dd0000, 0x05dd0000)
  to   space 2688K,   0% used [0x05dd0000, 0x05dd0000, 0x06070000)
 tenured generation   total 54048K, used 36846K [0x09b50000, 0x0d018000, 0x14600000)
   the space 54048K,  68% used [0x09b50000, 0x0bf4b9e0, 0x0bf4ba00, 0x0d018000)
 Metaspace       used 12796K, capacity 13408K, committed 13440K, reserved 13696K
}

