# JRE version: Java(TM) SE Runtime Environment (8.0_111-b14) (build 1.8.0_111-b14)
# Java VM: Java HotSpot(TM) Client VM (25.111-b14 mixed mode windows-x86 )
Heap:
 def new generation   total 29184K, used 994K [0x05200000, 0x071a0000, 0x0a750000)
  eden space 25984K,   3% used [0x05200000, 0x052f88f8, 0x06b60000)
  from space 3200K,   0% used [0x06b60000, 0x06b60000, 0x06e80000)
  to   space 3200K,   0% used [0x06e80000, 0x06e80000, 0x071a0000)
 tenured generation   total 64628K, used 38775K [0x0a750000, 0x0e66d000, 0x15200000)
   the space 64628K,  59% used [0x0a750000, 0x0cd2dee0, 0x0cd2e000, 0x0e66d000)
 Metaspace       used 21861K, capacity 22553K, committed 22656K, reserved 22912K
GC Heap History (10 events):
Event: 88.831 GC heap before
{Heap before GC invocations=24 (full 3):
 def new generation   total 24576K, used 22007K [0x05200000, 0x06ca0000, 0x0a750000)
  eden space 21888K,  99% used [0x05200000, 0x06755cc8, 0x06760000)
  from space 2688K,   5% used [0x06a00000, 0x06a28068, 0x06ca0000)
  to   space 2688K,   0% used [0x06760000, 0x06760000, 0x06a00000)
 tenured generation   total 54408K, used 42587K [0x0a750000, 0x0dc72000, 0x15200000)
   the space 54408K,  78% used [0x0a750000, 0x0d0e6f50, 0x0d0e7000, 0x0dc72000)
 Metaspace       used 20803K, capacity 21369K, committed 21504K, reserved 21888K
Event: 88.832 GC heap after
Heap after GC invocations=25 (full 3):
 def new generation   total 24576K, used 169K [0x05200000, 0x06ca0000, 0x0a750000)
  eden space 21888K,   0% used [0x05200000, 0x05200000, 0x06760000)
  from space 2688K,   6% used [0x06760000, 0x0678a588, 0x06a00000)
  to   space 2688K,   0% used [0x06a00000, 0x06a00000, 0x06ca0000)
 tenured generation   total 54408K, used 42587K [0x0a750000, 0x0dc72000, 0x15200000)
   the space 54408K,  78% used [0x0a750000, 0x0d0e6f50, 0x0d0e7000, 0x0dc72000)
 Metaspace       used 20803K, capacity 21369K, committed 21504K, reserved 21888K
}
Event: 88.835 GC heap before
{Heap before GC invocations=25 (full 3):
 def new generation   total 24576K, used 21976K [0x05200000, 0x06ca0000, 0x0a750000)
  eden space 21888K,  99% used [0x05200000, 0x0674bd68, 0x06760000)
  from space 2688K,   6% used [0x06760000, 0x0678a588, 0x06a00000)
  to   space 2688K,   0% used [0x06a00000, 0x06a00000, 0x06ca0000)
 tenured generation   total 54408K, used 42587K [0x0a750000, 0x0dc72000, 0x15200000)
   the space 54408K,  78% used [0x0a750000, 0x0d0e6f50, 0x0d0e7000, 0x0dc72000)
 Metaspace       used 20803K, capacity 21369K, committed 21504K, reserved 21888K
Event: 88.836 GC heap after
Heap after GC invocations=26 (full 3):
 def new generation   total 24576K, used 178K [0x05200000, 0x06ca0000, 0x0a750000)
  eden space 21888K,   0% used [0x05200000, 0x05200000, 0x06760000)
  from space 2688K,   6% used [0x06a00000, 0x06a2c8b0, 0x06ca0000)
  to   space 2688K,   0% used [0x06760000, 0x06760000, 0x06a00000)
 tenured generation   total 54408K, used 42587K [0x0a750000, 0x0dc72000, 0x15200000)
   the space 54408K,  78% used [0x0a750000, 0x0d0e6f50, 0x0d0e7000, 0x0dc72000)
 Metaspace       used 20803K, capacity 21369K, committed 21504K, reserved 21888K
}
Event: 88.839 GC heap before
{Heap before GC invocations=26 (full 3):
 def new generation   total 24576K, used 21948K [0x05200000, 0x06ca0000, 0x0a750000)
  eden space 21888K,  99% used [0x05200000, 0x06742970, 0x06760000)
  from space 2688K,   6% used [0x06a00000, 0x06a2c8b0, 0x06ca0000)
  to   space 2688K,   0% used [0x06760000, 0x06760000, 0x06a00000)
 tenured generation   total 54408K, used 42587K [0x0a750000, 0x0dc72000, 0x15200000)
   the space 54408K,  78% used [0x0a750000, 0x0d0e6f50, 0x0d0e7000, 0x0dc72000)
 Metaspace       used 20803K, capacity 21369K, committed 21504K, reserved 21888K
Event: 88.840 GC heap after
Heap after GC invocations=27 (full 3):
 def new generation   total 24576K, used 186K [0x05200000, 0x06ca0000, 0x0a750000)
  eden space 21888K,   0% used [0x05200000, 0x05200000, 0x06760000)
  from space 2688K,   6% used [0x06760000, 0x0678ea28, 0x06a00000)
  to   space 2688K,   0% used [0x06a00000, 0x06a00000, 0x06ca0000)
 tenured generation   total 54408K, used 42587K [0x0a750000, 0x0dc72000, 0x15200000)
   the space 54408K,  78% used [0x0a750000, 0x0d0e6f50, 0x0d0e7000, 0x0dc72000)
 Metaspace       used 20803K, capacity 21369K, committed 21504K, reserved 21888K
}
Event: 89.514 GC heap before
{Heap before GC invocations=27 (full 3):
 def new generation   total 24576K, used 22074K [0x05200000, 0x06ca0000, 0x0a750000)
  eden space 21888K, 100% used [0x05200000, 0x06760000, 0x06760000)
  from space 2688K,   6% used [0x06760000, 0x0678ea28, 0x06a00000)
  to   space 2688K,   0% used [0x06a00000, 0x06a00000, 0x06ca0000)
 tenured generation   total 54408K, used 42587K [0x0a750000, 0x0dc72000, 0x15200000)
   the space 54408K,  78% used [0x0a750000, 0x0d0e6f50, 0x0d0e7000, 0x0dc72000)
 Metaspace       used 20939K, capacity 21559K, committed 21632K, reserved 21888K
Event: 89.517 GC heap after
Heap after GC invocations=28 (full 3):
 def new generation   total 24576K, used 1088K [0x05200000, 0x06ca0000, 0x0a750000)
  eden space 21888K,   0% used [0x05200000, 0x05200000, 0x06760000)
  from space 2688K,  40% used [0x06a00000, 0x06b10108, 0x06ca0000)
  to   space 2688K,   0% used [0x06760000, 0x06760000, 0x06a00000)
 tenured generation   total 54408K, used 42587K [0x0a750000, 0x0dc72000, 0x15200000)
   the space 54408K,  78% used [0x0a750000, 0x0d0e6f50, 0x0d0e7000, 0x0dc72000)
 Metaspace       used 20939K, capacity 21559K, committed 21632K, reserved 21888K
}
Event: 91.439 GC heap before
{Heap before GC invocations=28 (full 3):
 def new generation   total 24576K, used 13771K [0x05200000, 0x06ca0000, 0x0a750000)
  eden space 21888K,  57% used [0x05200000, 0x05e62b80, 0x06760000)
  from space 2688K,  40% used [0x06a00000, 0x06b10108, 0x06ca0000)
  to   space 2688K,   0% used [0x06760000, 0x06760000, 0x06a00000)
 tenured generation   total 54408K, used 42587K [0x0a750000, 0x0dc72000, 0x15200000)
   the space 54408K,  78% used [0x0a750000, 0x0d0e6f50, 0x0d0e7000, 0x0dc72000)
 Metaspace       used 21750K, capacity 22390K, committed 22400K, reserved 22912K
Event: 91.475 GC heap after
Heap after GC invocations=29 (full 4):
 def new generation   total 29184K, used 0K [0x05200000, 0x071a0000, 0x0a750000)
  eden space 25984K,   0% used [0x05200000, 0x05200000, 0x06b60000)
  from space 3200K,   0% used [0x06b60000, 0x06b60000, 0x06e80000)
  to   space 3200K,   0% used [0x06e80000, 0x06e80000, 0x071a0000)
 tenured generation   total 64628K, used 38775K [0x0a750000, 0x0e66d000, 0x15200000)
   the space 64628K,  59% used [0x0a750000, 0x0cd2dee0, 0x0cd2e000, 0x0e66d000)
 Metaspace       used 21747K, capacity 22385K, committed 22400K, reserved 22912K
}

